<?xml version="1.0" encoding="UTF-8"?>
<testng-results ignored="0" total="1" passed="1" failed="0" skipped="0">
  <reporter-output>
  </reporter-output>
  <suite started-at="2023-04-04T00:18:26 IST" name="Default suite" finished-at="2023-04-04T00:18:46 IST" duration-ms="19893">
    <groups>
    </groups>
    <test started-at="2023-04-04T00:18:26 IST" name="Default test" finished-at="2023-04-04T00:18:46 IST" duration-ms="19893">
      <class name="TestClass.TestClass1">
        <test-method is-config="true" signature="OpenBroser()[pri:0, instance:TestClass.TestClass1@4466af20]" started-at="2023-04-04T00:18:26 IST" name="OpenBroser" finished-at="2023-04-04T00:18:38 IST" duration-ms="11536" status="PASS">
          <reporter-output>
          </reporter-output>
        </test-method> <!-- OpenBroser -->
        <test-method is-config="true" signature="login()[pri:0, instance:TestClass.TestClass1@4466af20]" started-at="2023-04-04T00:18:38 IST" name="login" finished-at="2023-04-04T00:18:46 IST" duration-ms="8290" status="PASS">
          <reporter-output>
          </reporter-output>
        </test-method> <!-- login -->
        <test-method signature="TC()[pri:0, instance:TestClass.TestClass1@4466af20]" started-at="2023-04-04T00:18:46 IST" name="TC" finished-at="2023-04-04T00:18:46 IST" duration-ms="16" status="PASS">
          <reporter-output>
          </reporter-output>
        </test-method> <!-- TC -->
        <test-method is-config="true" signature="logout()[pri:0, instance:TestClass.TestClass1@4466af20]" started-at="2023-04-04T00:18:46 IST" name="logout" finished-at="2023-04-04T00:18:46 IST" duration-ms="0" status="PASS">
          <reporter-output>
          </reporter-output>
        </test-method> <!-- logout -->
        <test-method is-config="true" signature="closeB()[pri:0, instance:TestClass.TestClass1@4466af20]" started-at="2023-04-04T00:18:46 IST" name="closeB" finished-at="2023-04-04T00:18:46 IST" duration-ms="0" status="PASS">
          <reporter-output>
          </reporter-output>
        </test-method> <!-- closeB -->
      </class> <!-- TestClass.TestClass1 -->
    </test> <!-- Default test -->
  </suite> <!-- Default suite -->
</testng-results>
